<?xml version="1.0" encoding="UTF-8"?>
<!-- Generated by org.testng.reporters.JUnitXMLReporter -->
<testsuite ignored="0" hostname="DESKTOP-BMRLHC8" failures="0" tests="6" name="Default test" time="59.306" errors="0" timestamp="2026-07-13T17:42:31 IST">
  <testcase classname="tests.DataDrivenBookingTest" name="bookFlightDataDriven" time="6.754"/>
  <testcase classname="tests.DataDrivenBookingTest" name="bookFlightDataDriven" time="4.987"/>
  <testcase classname="tests.DataDrivenBookingTest" name="bookFlightDataDriven" time="5.07"/>
  <testcase classname="tests.NegativeBookingTest" name="blankCreditCardTest" time="4.025"/>
  <testcase classname="tests.NegativeBookingTest" name="invalidCreditCardTest" time="5.501"/>
  <testcase classname="tests.FlightBookingTest" name="bookFlightTest" time="4.28"/>
</testsuite> <!-- Default test -->
