<?xml version="1.0" encoding="UTF-8"?>
<testng-results ignored="0" total="6" passed="6" failed="0" skipped="0">
  <reporter-output>
  </reporter-output>
  <suite started-at="2026-07-13T17:41:31 IST" name="Default suite" finished-at="2026-07-13T17:42:31 IST" duration-ms="59306">
    <groups>
    </groups>
    <test started-at="2026-07-13T17:41:31 IST" name="Default test" finished-at="2026-07-13T17:42:31 IST" duration-ms="59306">
      <class name="tests.DataDrivenBookingTest">
        <test-method is-config="true" signature="setup()[pri:0, instance:tests.DataDrivenBookingTest@292b08d6]" started-at="2026-07-13T17:41:32 IST" name="setup" finished-at="2026-07-13T17:41:37 IST" duration-ms="5898" status="PASS">
          <reporter-output>
          </reporter-output>
        </test-method> <!-- setup -->
        <test-method signature="bookFlightDataDriven(java.lang.String,java.lang.String,java.lang.String,java.lang.String,java.lang.String,java.lang.String,java.lang.String,java.lang.String,java.lang.String)[pri:0, instance:tests.DataDrivenBookingTest@292b08d6]" started-at="2026-07-13T17:41:37 IST" name="bookFlightDataDriven" data-provider="bookingData" finished-at="2026-07-13T17:41:44 IST" duration-ms="6754" status="PASS">
          <params>
            <param index="0">
              <value>
                <![CDATA[Priyanka]]>
              </value>
            </param>
            <param index="1">
              <value>
                <![CDATA[ABC Street]]>
              </value>
            </param>
            <param index="2">
              <value>
                <![CDATA[Indore]]>
              </value>
            </param>
            <param index="3">
              <value>
                <![CDATA[MP]]>
              </value>
            </param>
            <param index="4">
              <value>
                <![CDATA[452001]]>
              </value>
            </param>
            <param index="5">
              <value>
                <![CDATA[1111222233334444]]>
              </value>
            </param>
            <param index="6">
              <value>
                <![CDATA[12]]>
              </value>
            </param>
            <param index="7">
              <value>
                <![CDATA[2028]]>
              </value>
            </param>
            <param index="8">
              <value>
                <![CDATA[Priyanka Patel]]>
              </value>
            </param>
          </params>
          <reporter-output>
          </reporter-output>
        </test-method> <!-- bookFlightDataDriven -->
        <test-method is-config="true" signature="tearDown(org.testng.ITestResult)[pri:0, instance:tests.DataDrivenBookingTest@292b08d6]" started-at="2026-07-13T17:41:44 IST" name="tearDown" finished-at="2026-07-13T17:41:45 IST" duration-ms="970" status="PASS">
          <params>
            <param index="0">
              <value>
                <![CDATA[[TestResult name=bookFlightDataDriven status=SUCCESS method=DataDrivenBookingTest.bookFlightDataDriven(java.lang.String,java.lang.String,java.lang.String,java.lang.String,java.lang.String,java.lang.String,java.lang.String,java.lang.String,java.lang.String)[pri:0, instance:tests.DataDrivenBookingTest@292b08d6] output={null}]]]>
              </value>
            </param>
          </params>
          <reporter-output>
          </reporter-output>
        </test-method> <!-- tearDown -->
        <test-method is-config="true" signature="setup()[pri:0, instance:tests.DataDrivenBookingTest@292b08d6]" started-at="2026-07-13T17:41:45 IST" name="setup" finished-at="2026-07-13T17:41:49 IST" duration-ms="3382" status="PASS">
          <reporter-output>
          </reporter-output>
        </test-method> <!-- setup -->
        <test-method signature="bookFlightDataDriven(java.lang.String,java.lang.String,java.lang.String,java.lang.String,java.lang.String,java.lang.String,java.lang.String,java.lang.String,java.lang.String)[pri:0, instance:tests.DataDrivenBookingTest@292b08d6]" started-at="2026-07-13T17:41:49 IST" name="bookFlightDataDriven" data-provider="bookingData" finished-at="2026-07-13T17:41:54 IST" duration-ms="4987" status="PASS">
          <params>
            <param index="0">
              <value>
                <![CDATA[Rahul]]>
              </value>
            </param>
            <param index="1">
              <value>
                <![CDATA[XYZ Road]]>
              </value>
            </param>
            <param index="2">
              <value>
                <![CDATA[Delhi]]>
              </value>
            </param>
            <param index="3">
              <value>
                <![CDATA[Delhi]]>
              </value>
            </param>
            <param index="4">
              <value>
                <![CDATA[110001]]>
              </value>
            </param>
            <param index="5">
              <value>
                <![CDATA[5555666677778888]]>
              </value>
            </param>
            <param index="6">
              <value>
                <![CDATA[10]]>
              </value>
            </param>
            <param index="7">
              <value>
                <![CDATA[2029]]>
              </value>
            </param>
            <param index="8">
              <value>
                <![CDATA[Rahul Sharma]]>
              </value>
            </param>
          </params>
          <reporter-output>
          </reporter-output>
        </test-method> <!-- bookFlightDataDriven -->
        <test-method is-config="true" signature="tearDown(org.testng.ITestResult)[pri:0, instance:tests.DataDrivenBookingTest@292b08d6]" started-at="2026-07-13T17:41:54 IST" name="tearDown" finished-at="2026-07-13T17:41:55 IST" duration-ms="1649" status="PASS">
          <params>
            <param index="0">
              <value>
                <![CDATA[[TestResult name=bookFlightDataDriven status=SUCCESS method=DataDrivenBookingTest.bookFlightDataDriven(java.lang.String,java.lang.String,java.lang.String,java.lang.String,java.lang.String,java.lang.String,java.lang.String,java.lang.String,java.lang.String)[pri:0, instance:tests.DataDrivenBookingTest@292b08d6] output={null}]]]>
              </value>
            </param>
          </params>
          <reporter-output>
          </reporter-output>
        </test-method> <!-- tearDown -->
        <test-method is-config="true" signature="setup()[pri:0, instance:tests.DataDrivenBookingTest@292b08d6]" started-at="2026-07-13T17:41:55 IST" name="setup" finished-at="2026-07-13T17:41:58 IST" duration-ms="3287" status="PASS">
          <reporter-output>
          </reporter-output>
        </test-method> <!-- setup -->
        <test-method signature="bookFlightDataDriven(java.lang.String,java.lang.String,java.lang.String,java.lang.String,java.lang.String,java.lang.String,java.lang.String,java.lang.String,java.lang.String)[pri:0, instance:tests.DataDrivenBookingTest@292b08d6]" started-at="2026-07-13T17:41:58 IST" name="bookFlightDataDriven" data-provider="bookingData" finished-at="2026-07-13T17:42:04 IST" duration-ms="5070" status="PASS">
          <params>
            <param index="0">
              <value>
                <![CDATA[Amit]]>
              </value>
            </param>
            <param index="1">
              <value>
                <![CDATA[MG Road]]>
              </value>
            </param>
            <param index="2">
              <value>
                <![CDATA[Pune]]>
              </value>
            </param>
            <param index="3">
              <value>
                <![CDATA[Maharashtra]]>
              </value>
            </param>
            <param index="4">
              <value>
                <![CDATA[411001]]>
              </value>
            </param>
            <param index="5">
              <value>
                <![CDATA[9999000011112222]]>
              </value>
            </param>
            <param index="6">
              <value>
                <![CDATA[08]]>
              </value>
            </param>
            <param index="7">
              <value>
                <![CDATA[2030]]>
              </value>
            </param>
            <param index="8">
              <value>
                <![CDATA[Amit Kumar]]>
              </value>
            </param>
          </params>
          <reporter-output>
          </reporter-output>
        </test-method> <!-- bookFlightDataDriven -->
        <test-method is-config="true" signature="tearDown(org.testng.ITestResult)[pri:0, instance:tests.DataDrivenBookingTest@292b08d6]" started-at="2026-07-13T17:42:04 IST" name="tearDown" finished-at="2026-07-13T17:42:04 IST" duration-ms="736" status="PASS">
          <params>
            <param index="0">
              <value>
                <![CDATA[[TestResult name=bookFlightDataDriven status=SUCCESS method=DataDrivenBookingTest.bookFlightDataDriven(java.lang.String,java.lang.String,java.lang.String,java.lang.String,java.lang.String,java.lang.String,java.lang.String,java.lang.String,java.lang.String)[pri:0, instance:tests.DataDrivenBookingTest@292b08d6] output={null}]]]>
              </value>
            </param>
          </params>
          <reporter-output>
          </reporter-output>
        </test-method> <!-- tearDown -->
      </class> <!-- tests.DataDrivenBookingTest -->
      <class name="tests.NegativeBookingTest">
        <test-method is-config="true" signature="setup()[pri:0, instance:tests.NegativeBookingTest@4b2bac3f]" started-at="2026-07-13T17:42:04 IST" name="setup" finished-at="2026-07-13T17:42:08 IST" duration-ms="3876" status="PASS">
          <reporter-output>
          </reporter-output>
        </test-method> <!-- setup -->
        <test-method signature="blankCreditCardTest()[pri:0, instance:tests.NegativeBookingTest@4b2bac3f]" started-at="2026-07-13T17:42:08 IST" name="blankCreditCardTest" finished-at="2026-07-13T17:42:12 IST" duration-ms="4025" status="PASS">
          <reporter-output>
          </reporter-output>
        </test-method> <!-- blankCreditCardTest -->
        <test-method is-config="true" signature="tearDown(org.testng.ITestResult)[pri:0, instance:tests.NegativeBookingTest@4b2bac3f]" started-at="2026-07-13T17:42:12 IST" name="tearDown" finished-at="2026-07-13T17:42:13 IST" duration-ms="803" status="PASS">
          <params>
            <param index="0">
              <value>
                <![CDATA[[TestResult name=blankCreditCardTest status=SUCCESS method=NegativeBookingTest.blankCreditCardTest()[pri:0, instance:tests.NegativeBookingTest@4b2bac3f] output={null}]]]>
              </value>
            </param>
          </params>
          <reporter-output>
          </reporter-output>
        </test-method> <!-- tearDown -->
        <test-method is-config="true" signature="setup()[pri:0, instance:tests.NegativeBookingTest@4b2bac3f]" started-at="2026-07-13T17:42:13 IST" name="setup" finished-at="2026-07-13T17:42:16 IST" duration-ms="2660" status="PASS">
          <reporter-output>
          </reporter-output>
        </test-method> <!-- setup -->
        <test-method signature="invalidCreditCardTest()[pri:0, instance:tests.NegativeBookingTest@4b2bac3f]" started-at="2026-07-13T17:42:16 IST" name="invalidCreditCardTest" finished-at="2026-07-13T17:42:21 IST" duration-ms="5501" status="PASS">
          <reporter-output>
          </reporter-output>
        </test-method> <!-- invalidCreditCardTest -->
        <test-method is-config="true" signature="tearDown(org.testng.ITestResult)[pri:0, instance:tests.NegativeBookingTest@4b2bac3f]" started-at="2026-07-13T17:42:21 IST" name="tearDown" finished-at="2026-07-13T17:42:22 IST" duration-ms="932" status="PASS">
          <params>
            <param index="0">
              <value>
                <![CDATA[[TestResult name=invalidCreditCardTest status=SUCCESS method=NegativeBookingTest.invalidCreditCardTest()[pri:0, instance:tests.NegativeBookingTest@4b2bac3f] output={null}]]]>
              </value>
            </param>
          </params>
          <reporter-output>
          </reporter-output>
        </test-method> <!-- tearDown -->
      </class> <!-- tests.NegativeBookingTest -->
      <class name="tests.FlightBookingTest">
        <test-method is-config="true" signature="setup()[pri:0, instance:tests.FlightBookingTest@4e08711f]" started-at="2026-07-13T17:42:22 IST" name="setup" finished-at="2026-07-13T17:42:25 IST" duration-ms="3173" status="PASS">
          <reporter-output>
          </reporter-output>
        </test-method> <!-- setup -->
        <test-method signature="bookFlightTest()[pri:0, instance:tests.FlightBookingTest@4e08711f]" started-at="2026-07-13T17:42:25 IST" name="bookFlightTest" finished-at="2026-07-13T17:42:30 IST" duration-ms="4280" status="PASS">
          <reporter-output>
          </reporter-output>
        </test-method> <!-- bookFlightTest -->
        <test-method is-config="true" signature="tearDown(org.testng.ITestResult)[pri:0, instance:tests.FlightBookingTest@4e08711f]" started-at="2026-07-13T17:42:30 IST" name="tearDown" finished-at="2026-07-13T17:42:31 IST" duration-ms="1195" status="PASS">
          <params>
            <param index="0">
              <value>
                <![CDATA[[TestResult name=bookFlightTest status=SUCCESS method=FlightBookingTest.bookFlightTest()[pri:0, instance:tests.FlightBookingTest@4e08711f] output={null}]]]>
              </value>
            </param>
          </params>
          <reporter-output>
          </reporter-output>
        </test-method> <!-- tearDown -->
      </class> <!-- tests.FlightBookingTest -->
    </test> <!-- Default test -->
  </suite> <!-- Default suite -->
</testng-results>
