<?xml version="1.0" encoding="UTF-8"?>
<!-- Generated by org.testng.reporters.JUnitReportReporter -->
<testsuite hostname="DESKTOP-BMRLHC8" failures="0" tests="2" name="tests.NegativeBookingTest" time="26.535" errors="0" timestamp="2026-07-07T22:14:33 IST" skipped="0">
  <testcase classname="tests.NegativeBookingTest" name="invalidCreditCardTest" time="14.085"/>
  <testcase classname="tests.NegativeBookingTest" name="blankCreditCardTest" time="12.450"/>
</testsuite> <!-- tests.NegativeBookingTest -->
