<?xml version="1.0" encoding="UTF-8"?>
<!-- Generated by org.testng.reporters.JUnitReportReporter -->
<testsuite hostname="DESKTOP-BMRLHC8" failures="0" tests="3" name="tests.DataDrivenBookingTest" time="31.168" errors="0" timestamp="2026-07-07T21:53:09 IST" skipped="0">
  <testcase classname="tests.DataDrivenBookingTest" name="bookFlightDataDriven" time="12.420"/>
  <testcase classname="tests.DataDrivenBookingTest" name="bookFlightDataDriven" time="9.331"/>
  <testcase classname="tests.DataDrivenBookingTest" name="bookFlightDataDriven" time="9.417"/>
</testsuite> <!-- tests.DataDrivenBookingTest -->
