<?xml version="1.0" encoding="UTF-8"?>
<!-- Generated by org.testng.reporters.JUnitReportReporter -->
<testsuite hostname="DESKTOP-BMRLHC8" failures="0" tests="2" name="tests.NegativeBookingTest" time="17.797" errors="0" timestamp="2026-07-13T17:42:31 IST" skipped="0">
  <testcase classname="tests.NegativeBookingTest" name="invalidCreditCardTest" time="9.093"/>
  <testcase classname="tests.NegativeBookingTest" name="blankCreditCardTest" time="8.704"/>
</testsuite> <!-- tests.NegativeBookingTest -->
