<?xml version="1.0" encoding="UTF-8"?>
<!-- Generated by org.testng.reporters.JUnitReportReporter -->
<testsuite hostname="DESKTOP-BMRLHC8" failures="0" tests="3" name="tests.DataDrivenBookingTest" time="32.733" errors="0" timestamp="2026-07-13T17:42:31 IST" skipped="0">
  <testcase classname="tests.DataDrivenBookingTest" name="bookFlightDataDriven" time="10.872"/>
  <testcase classname="tests.DataDrivenBookingTest" name="bookFlightDataDriven" time="9.923"/>
  <testcase classname="tests.DataDrivenBookingTest" name="bookFlightDataDriven" time="11.938"/>
</testsuite> <!-- tests.DataDrivenBookingTest -->
